<?xml version="1.0" encoding="UTF-8"?>
<!-- Generated by org.testng.reporters.JUnitReportReporter -->
<testsuite hostname="DESKTOP-6R40L2R" failures="0" tests="1" name="reporting_tool.reporting_tool2" time="0.174" errors="0" timestamp="2023-08-29T18:23:31 IST" skipped="0">
  <testcase classname="reporting_tool.reporting_tool2" name="report" time="0.174"/>
</testsuite> <!-- reporting_tool.reporting_tool2 -->
