<?xml version="1.0" encoding="UTF-8"?>
<!-- Generated by org.testng.reporters.JUnitReportReporter -->
<testsuite hostname="DESKTOP-6R40L2R" failures="0" tests="1" name="reporting_tool.reporting_tool_log4j" time="0.051" errors="0" timestamp="2023-08-29T21:50:05 IST" skipped="0">
  <testcase classname="reporting_tool.reporting_tool_log4j" name="console" time="0.051"/>
</testsuite> <!-- reporting_tool.reporting_tool_log4j -->
