<?xml version="1.0" encoding="UTF-8"?>
<!-- Generated by org.testng.reporters.JUnitReportReporter -->
<testsuite hostname="DESKTOP-6R40L2R" failures="0" tests="1" name="reporting_tool.reporting_tool1" time="0.550" errors="0" timestamp="2023-08-29T17:50:37 IST" skipped="0">
  <testcase classname="reporting_tool.reporting_tool1" name="test1" time="0.550"/>
</testsuite> <!-- reporting_tool.reporting_tool1 -->
